Using pre-set license
Built from '2020.3/staging' branch; Version is '2020.3.11f1 (99c7afb366b3) revision 10078127'; Using compiler version '192528614'; Build Type 'Release'
OS: 'Windows 10 Home Single Language; OS build 18363.1556; Version 1909; 64bit' Language: 'ru' Physical Memory: 7103 MB
BatchMode: 1, IsHumanControllingUs: 0, StartBugReporterOnCrash: 0, Is64bit: 1, IsPro: 0

 COMMAND LINE ARGUMENTS:
D:\Unity\2020.3.11f1\Editor\Unity.exe
-adb2
-batchMode
-noUpm
-name
AssetImportWorker0
-projectPath
D:/unity project/Bg-games Test
-logFile
Logs/AssetImportWorker0.log
-srvPort
62232
Successfully changed project path to: D:/unity project/Bg-games Test
D:/unity project/Bg-games Test
Using Asset Import Pipeline V2.
Refreshing native plugins compatible for Editor in 56.00 ms, found 3 plugins.
Preloading 0 native plugins for Editor in 0.00 ms.
Initialize engine version: 2020.3.11f1 (99c7afb366b3)
[Subsystems] Discovering subsystems at path D:/Unity/2020.3.11f1/Editor/Data/Resources/UnitySubsystems
[Subsystems] Discovering subsystems at path D:/unity project/Bg-games Test/Assets
GfxDevice: creating device client; threaded=0
Direct3D:
    Version:  Direct3D 11.0 [level 11.1]
    Renderer: AMD Radeon(TM) Vega 8 Graphics (ID=0x15d8)
    Vendor:   
    VRAM:     3551 MB
    Driver:   26.20.11030.22001
Initialize mono
Mono path[0] = 'D:/Unity/2020.3.11f1/Editor/Data/Managed'
Mono path[1] = 'D:/Unity/2020.3.11f1/Editor/Data/MonoBleedingEdge/lib/mono/unityjit'
Mono config path = 'D:/Unity/2020.3.11f1/Editor/Data/MonoBleedingEdge/etc'
Using monoOptions --debugger-agent=transport=dt_socket,embedding=1,server=y,suspend=n,address=127.0.0.1:56764
Begin MonoManager ReloadAssembly
Registering precompiled unity dll's ...
Register platform support module: D:/Unity/2020.3.11f1/Editor/Data/PlaybackEngines/WindowsStandaloneSupport/UnityEditor.WindowsStandalone.Extensions.dll
Registered in 0.001122 seconds.
Native extension for WindowsStandalone target not found
Refreshing native plugins compatible for Editor in 83.80 ms, found 3 plugins.
Preloading 0 native plugins for Editor in 0.00 ms.
Mono: successfully reloaded assembly
- Completed reload, in  1.998 seconds
Platform modules already initialized, skipping
Registering precompiled user dll's ...
Registered in 0.007176 seconds.
Begin MonoManager ReloadAssembly
Native extension for WindowsStandalone target not found
Refreshing native plugins compatible for Editor in 71.00 ms, found 3 plugins.
Preloading 0 native plugins for Editor in 0.00 ms.
Mono: successfully reloaded assembly
- Completed reload, in  1.501 seconds
Platform modules already initialized, skipping
========================================================================
Worker process is ready to serve import requests
Launched and connected shader compiler UnityShaderCompiler.exe after 0.09 seconds
Refreshing native plugins compatible for Editor in 0.69 ms, found 3 plugins.
Preloading 0 native plugins for Editor in 0.00 ms.
Unloading 2179 Unused Serialized files (Serialized files now loaded: 0)
System memory in use before: 95.4 MB.
System memory in use after: 95.5 MB.

Unloading 41 unused Assets to reduce memory usage. Loaded Objects now: 2604.
Total: 3.728300 ms (FindLiveObjects: 0.554000 ms CreateObjectMapping: 0.214200 ms MarkObjects: 2.847500 ms  DeleteObjects: 0.111100 ms)

========================================================================
Received Import Request.
  path: Assets/Editor/com.unity.mobile.notifications
  artifactKey: Guid(8d94ea3741ad8d344a76cca0aa62f67e) Importer(815301076,1909f56bfc062723c751e8b465ee728b)
Start importing Assets/Editor/com.unity.mobile.notifications using Guid(8d94ea3741ad8d344a76cca0aa62f67e) Importer(815301076,1909f56bfc062723c751e8b465ee728b)  -> (artifact id: '56e9b68fe1bdbdbdbadd02540846decf') in 0.017377 seconds
  Import took 0.021404 seconds .

========================================================================
Received Import Request.
  Time since last request: 0.000308 seconds.
  path: Assets/Editor/com.unity.mobile.notifications/NotificationSettings.asset
  artifactKey: Guid(4cee8bca36f2ab74b8feb832747fa6f4) Importer(815301076,1909f56bfc062723c751e8b465ee728b)
Start importing Assets/Editor/com.unity.mobile.notifications/NotificationSettings.asset using Guid(4cee8bca36f2ab74b8feb832747fa6f4) Importer(815301076,1909f56bfc062723c751e8b465ee728b)  -> (artifact id: 'ed81eb14f0998a09d0cbd7ea3d01d7a8') in 0.057537 seconds
  Import took 0.063006 seconds .

========================================================================
Received Import Request.
  Time since last request: 0.000210 seconds.
  path: Assets/Editor
  artifactKey: Guid(d98ad1674ee8d5040ad22d07feddcab5) Importer(815301076,1909f56bfc062723c751e8b465ee728b)
Start importing Assets/Editor using Guid(d98ad1674ee8d5040ad22d07feddcab5) Importer(815301076,1909f56bfc062723c751e8b465ee728b)  -> (artifact id: '40fef55b648584d5cae54ceb68e57337') in 0.010339 seconds
  Import took 0.015785 seconds .

========================================================================
Received Import Request.
  Time since last request: 597.868298 seconds.
  path: Assets
  artifactKey: Guid(00000000000000001000000000000000) Importer(815301076,1909f56bfc062723c751e8b465ee728b)
Start importing Assets using Guid(00000000000000001000000000000000) Importer(815301076,1909f56bfc062723c751e8b465ee728b)  -> (artifact id: '42d402b061de3733987d63b9cc3b64de') in 0.024400 seconds
  Import took 0.032022 seconds .

========================================================================
Received Import Request.
  Time since last request: 0.000864 seconds.
  path: Assets
  artifactKey: Guid(00000000000000001000000000000000) Importer(815301076,1909f56bfc062723c751e8b465ee728b)
Start importing Assets using Guid(00000000000000001000000000000000) Importer(815301076,1909f56bfc062723c751e8b465ee728b)  -> (artifact id: '42d402b061de3733987d63b9cc3b64de') in 0.015104 seconds
  Import took 0.023685 seconds .

========================================================================
Received Import Request.
  Time since last request: 11.873252 seconds.
  path: Assets/MazeSpawner.cs
  artifactKey: Guid(ac3aa8eb18e996848b88f417df6b2214) Importer(815301076,1909f56bfc062723c751e8b465ee728b)
Start importing Assets/MazeSpawner.cs using Guid(ac3aa8eb18e996848b88f417df6b2214) Importer(815301076,1909f56bfc062723c751e8b465ee728b)  -> (artifact id: 'a9b745856a94f1071142acf92ec3db34') in 0.041140 seconds
  Import took 0.047544 seconds .

========================================================================
Received Prepare
Registering precompiled user dll's ...
Registered in 0.006572 seconds.
Begin MonoManager ReloadAssembly
Native extension for WindowsStandalone target not found
Refreshing native plugins compatible for Editor in 0.94 ms, found 3 plugins.
Preloading 0 native plugins for Editor in 0.00 ms.
Mono: successfully reloaded assembly
- Completed reload, in  1.557 seconds
Platform modules already initialized, skipping
Refreshing native plugins compatible for Editor in 0.89 ms, found 3 plugins.
Preloading 0 native plugins for Editor in 0.00 ms.
Unloading 2170 Unused Serialized files (Serialized files now loaded: 0)
System memory in use before: 94.9 MB.
System memory in use after: 95.0 MB.

Unloading 29 unused Assets to reduce memory usage. Loaded Objects now: 2609.
Total: 4.179200 ms (FindLiveObjects: 0.317900 ms CreateObjectMapping: 0.067800 ms MarkObjects: 3.738700 ms  DeleteObjects: 0.052200 ms)

========================================================================
Received Import Request.
  Time since last request: 9.422527 seconds.
  path: Assets/New Folder
  artifactKey: Guid(a5ae2592f87c66f4d83f31e0e2ac8e48) Importer(815301076,1909f56bfc062723c751e8b465ee728b)
Start importing Assets/New Folder using Guid(a5ae2592f87c66f4d83f31e0e2ac8e48) Importer(815301076,1909f56bfc062723c751e8b465ee728b)  -> (artifact id: 'f3f6f7ee121f90f64be6df012d25012d') in 0.023112 seconds
  Import took 0.032361 seconds .

========================================================================
Received Import Request.
  Time since last request: 7.018550 seconds.
  path: Assets/Scripts
  artifactKey: Guid(a5ae2592f87c66f4d83f31e0e2ac8e48) Importer(815301076,1909f56bfc062723c751e8b465ee728b)
Start importing Assets/Scripts using Guid(a5ae2592f87c66f4d83f31e0e2ac8e48) Importer(815301076,1909f56bfc062723c751e8b465ee728b)  -> (artifact id: 'fce1a436b40bf4d0fb59844d58e22a1f') in 0.021332 seconds
  Import took 0.027251 seconds .

========================================================================
Received Prepare
Registering precompiled user dll's ...
Registered in 0.004083 seconds.
Begin MonoManager ReloadAssembly
Native extension for WindowsStandalone target not found
Refreshing native plugins compatible for Editor in 1.50 ms, found 3 plugins.
Preloading 0 native plugins for Editor in 0.00 ms.
Mono: successfully reloaded assembly
- Completed reload, in  2.138 seconds
Platform modules already initialized, skipping
Refreshing native plugins compatible for Editor in 1.17 ms, found 3 plugins.
Preloading 0 native plugins for Editor in 0.00 ms.
Unloading 2170 Unused Serialized files (Serialized files now loaded: 0)
System memory in use before: 94.9 MB.
System memory in use after: 95.1 MB.

Unloading 29 unused Assets to reduce memory usage. Loaded Objects now: 2613.
Total: 5.011000 ms (FindLiveObjects: 0.566500 ms CreateObjectMapping: 0.089800 ms MarkObjects: 4.316000 ms  DeleteObjects: 0.036000 ms)

========================================================================
Received Import Request.
  Time since last request: 257.174577 seconds.
  path: Assets/New Prefab.prefab
  artifactKey: Guid(09e15b8ca96a8674ca8d4c44c842aec1) Importer(815301076,1909f56bfc062723c751e8b465ee728b)
Start importing Assets/New Prefab.prefab using Guid(09e15b8ca96a8674ca8d4c44c842aec1) Importer(815301076,1909f56bfc062723c751e8b465ee728b)  -> (artifact id: '7fb000b54c4ea6726d8777a56a74e4b4') in 0.048875 seconds
  Import took 0.054800 seconds .

========================================================================
Received Import Request.
  Time since last request: 11.435389 seconds.
  path: Assets/Prefs
  artifactKey: Guid(e240a9dd58943194a9ef43fbf6aa6c59) Importer(815301076,1909f56bfc062723c751e8b465ee728b)
Start importing Assets/Prefs using Guid(e240a9dd58943194a9ef43fbf6aa6c59) Importer(815301076,1909f56bfc062723c751e8b465ee728b)  -> (artifact id: '33dab767d01c7df0b9daa13a2a0b3e12') in 0.016508 seconds
  Import took 0.025548 seconds .

========================================================================
Received Import Request.
  Time since last request: 8.880435 seconds.
  path: Assets/Prefabs
  artifactKey: Guid(e240a9dd58943194a9ef43fbf6aa6c59) Importer(815301076,1909f56bfc062723c751e8b465ee728b)
Start importing Assets/Prefabs using Guid(e240a9dd58943194a9ef43fbf6aa6c59) Importer(815301076,1909f56bfc062723c751e8b465ee728b)  -> (artifact id: '30fa74d3b45a287694cbfbc3bd9ced62') in 0.019318 seconds
  Import took 0.027522 seconds .

========================================================================
Received Import Request.
  Time since last request: 5.137337 seconds.
  path: Assets/Prefabs/Point.prefab
  artifactKey: Guid(d0dc2ad68c3995d47b617183b91ff253) Importer(815301076,1909f56bfc062723c751e8b465ee728b)
Start importing Assets/Prefabs/Point.prefab using Guid(d0dc2ad68c3995d47b617183b91ff253) Importer(815301076,1909f56bfc062723c751e8b465ee728b)  -> (artifact id: '9d9446441090df529a967f27de95a928') in 0.015396 seconds
  Import took 0.019902 seconds .

========================================================================
Received Import Request.
  Time since last request: 0.016918 seconds.
  path: Assets/Prefabs/Point.prefab
  artifactKey: Guid(d0dc2ad68c3995d47b617183b91ff253) Importer(815301076,1909f56bfc062723c751e8b465ee728b)
Start importing Assets/Prefabs/Point.prefab using Guid(d0dc2ad68c3995d47b617183b91ff253) Importer(815301076,1909f56bfc062723c751e8b465ee728b)  -> (artifact id: '9d9446441090df529a967f27de95a928') in 0.006588 seconds
  Import took 0.011656 seconds .

========================================================================
Received Import Request.
  Time since last request: 43.075069 seconds.
  path: Assets/Scripts/MazeGenerator.cs
  artifactKey: Guid(af15edf6b38824d459d3dd1e7f5d3fc0) Importer(815301076,1909f56bfc062723c751e8b465ee728b)
Start importing Assets/Scripts/MazeGenerator.cs using Guid(af15edf6b38824d459d3dd1e7f5d3fc0) Importer(815301076,1909f56bfc062723c751e8b465ee728b)  -> (artifact id: 'babb208c3a000b5f96d898d42e9e92c6') in 0.019742 seconds
  Import took 0.026149 seconds .

========================================================================
Received Prepare
Registering precompiled user dll's ...
Registered in 0.003591 seconds.
Begin MonoManager ReloadAssembly
Native extension for WindowsStandalone target not found
Refreshing native plugins compatible for Editor in 0.75 ms, found 3 plugins.
Preloading 0 native plugins for Editor in 0.00 ms.
Mono: successfully reloaded assembly
- Completed reload, in  1.303 seconds
Platform modules already initialized, skipping
Refreshing native plugins compatible for Editor in 0.93 ms, found 3 plugins.
Preloading 0 native plugins for Editor in 0.00 ms.
Unloading 2171 Unused Serialized files (Serialized files now loaded: 0)
System memory in use before: 95.0 MB.
System memory in use after: 95.1 MB.

Unloading 29 unused Assets to reduce memory usage. Loaded Objects now: 2618.
Total: 3.167000 ms (FindLiveObjects: 0.309600 ms CreateObjectMapping: 0.076100 ms MarkObjects: 2.747600 ms  DeleteObjects: 0.032200 ms)

========================================================================
Received Prepare
Registering precompiled user dll's ...
Registered in 0.006474 seconds.
Begin MonoManager ReloadAssembly
Native extension for WindowsStandalone target not found
Refreshing native plugins compatible for Editor in 1.01 ms, found 3 plugins.
Preloading 0 native plugins for Editor in 0.00 ms.
Mono: successfully reloaded assembly
- Completed reload, in  2.716 seconds
Platform modules already initialized, skipping
Refreshing native plugins compatible for Editor in 0.82 ms, found 3 plugins.
Preloading 0 native plugins for Editor in 0.00 ms.
Unloading 2171 Unused Serialized files (Serialized files now loaded: 0)
System memory in use before: 95.0 MB.
System memory in use after: 95.1 MB.

Unloading 29 unused Assets to reduce memory usage. Loaded Objects now: 2622.
Total: 3.465400 ms (FindLiveObjects: 0.284300 ms CreateObjectMapping: 0.069000 ms MarkObjects: 3.068200 ms  DeleteObjects: 0.042000 ms)

========================================================================
Received Prepare
Registering precompiled user dll's ...
Registered in 0.007468 seconds.
Begin MonoManager ReloadAssembly
Native extension for WindowsStandalone target not found
Refreshing native plugins compatible for Editor in 0.75 ms, found 3 plugins.
Preloading 0 native plugins for Editor in 0.00 ms.
Mono: successfully reloaded assembly
- Completed reload, in  1.368 seconds
Platform modules already initialized, skipping
Refreshing native plugins compatible for Editor in 1.01 ms, found 3 plugins.
Preloading 0 native plugins for Editor in 0.00 ms.
Unloading 2171 Unused Serialized files (Serialized files now loaded: 0)
System memory in use before: 95.0 MB.
System memory in use after: 95.1 MB.

Unloading 29 unused Assets to reduce memory usage. Loaded Objects now: 2626.
Total: 4.374300 ms (FindLiveObjects: 0.442600 ms CreateObjectMapping: 0.160000 ms MarkObjects: 3.736600 ms  DeleteObjects: 0.033100 ms)

========================================================================
Received Import Request.
  Time since last request: 941.572239 seconds.
  path: Assets/Scripts/MazeSpawner.cs
  artifactKey: Guid(ac3aa8eb18e996848b88f417df6b2214) Importer(815301076,1909f56bfc062723c751e8b465ee728b)
Start importing Assets/Scripts/MazeSpawner.cs using Guid(ac3aa8eb18e996848b88f417df6b2214) Importer(815301076,1909f56bfc062723c751e8b465ee728b)  -> (artifact id: 'f11175c406dbac54e479f3e3488f3c02') in 0.012440 seconds
  Import took 0.017849 seconds .

========================================================================
Received Prepare
Registering precompiled user dll's ...
Registered in 0.004157 seconds.
Begin MonoManager ReloadAssembly
Native extension for WindowsStandalone target not found
Refreshing native plugins compatible for Editor in 0.87 ms, found 3 plugins.
Preloading 0 native plugins for Editor in 0.00 ms.
Mono: successfully reloaded assembly
- Completed reload, in  1.305 seconds
Platform modules already initialized, skipping
Refreshing native plugins compatible for Editor in 0.91 ms, found 3 plugins.
Preloading 0 native plugins for Editor in 0.00 ms.
Unloading 2171 Unused Serialized files (Serialized files now loaded: 0)
System memory in use before: 95.0 MB.
System memory in use after: 95.2 MB.

Unloading 29 unused Assets to reduce memory usage. Loaded Objects now: 2630.
Total: 3.061500 ms (FindLiveObjects: 0.273500 ms CreateObjectMapping: 0.064000 ms MarkObjects: 2.695300 ms  DeleteObjects: 0.026600 ms)

========================================================================
Received Prepare
Registering precompiled user dll's ...
Registered in 0.006325 seconds.
Begin MonoManager ReloadAssembly
Native extension for WindowsStandalone target not found
Refreshing native plugins compatible for Editor in 0.69 ms, found 3 plugins.
Preloading 0 native plugins for Editor in 0.00 ms.
Mono: successfully reloaded assembly
- Completed reload, in  1.343 seconds
Platform modules already initialized, skipping
Refreshing native plugins compatible for Editor in 0.77 ms, found 3 plugins.
Preloading 0 native plugins for Editor in 0.00 ms.
Unloading 2171 Unused Serialized files (Serialized files now loaded: 0)
System memory in use before: 95.0 MB.
System memory in use after: 95.2 MB.

Unloading 29 unused Assets to reduce memory usage. Loaded Objects now: 2634.
Total: 5.014600 ms (FindLiveObjects: 0.357100 ms CreateObjectMapping: 0.119000 ms MarkObjects: 4.488800 ms  DeleteObjects: 0.047000 ms)

========================================================================
Received Prepare
Registering precompiled user dll's ...
Registered in 0.003400 seconds.
Begin MonoManager ReloadAssembly
Native extension for WindowsStandalone target not found
Refreshing native plugins compatible for Editor in 0.73 ms, found 3 plugins.
Preloading 0 native plugins for Editor in 0.00 ms.
Mono: successfully reloaded assembly
- Completed reload, in  1.329 seconds
Platform modules already initialized, skipping
Refreshing native plugins compatible for Editor in 0.73 ms, found 3 plugins.
Preloading 0 native plugins for Editor in 0.00 ms.
Unloading 2171 Unused Serialized files (Serialized files now loaded: 0)
System memory in use before: 95.1 MB.
System memory in use after: 95.2 MB.

Unloading 29 unused Assets to reduce memory usage. Loaded Objects now: 2638.
Total: 5.058500 ms (FindLiveObjects: 0.354900 ms CreateObjectMapping: 0.120100 ms MarkObjects: 4.536400 ms  DeleteObjects: 0.044600 ms)

========================================================================
Received Prepare
Registering precompiled user dll's ...
Registered in 0.004040 seconds.
Begin MonoManager ReloadAssembly
Native extension for WindowsStandalone target not found
Refreshing native plugins compatible for Editor in 0.81 ms, found 3 plugins.
Preloading 0 native plugins for Editor in 0.00 ms.
Mono: successfully reloaded assembly
- Completed reload, in  1.450 seconds
Platform modules already initialized, skipping
Refreshing native plugins compatible for Editor in 0.82 ms, found 3 plugins.
Preloading 0 native plugins for Editor in 0.00 ms.
Unloading 2171 Unused Serialized files (Serialized files now loaded: 0)
System memory in use before: 95.1 MB.
System memory in use after: 95.2 MB.

Unloading 29 unused Assets to reduce memory usage. Loaded Objects now: 2642.
Total: 3.509200 ms (FindLiveObjects: 0.279200 ms CreateObjectMapping: 0.067100 ms MarkObjects: 3.124000 ms  DeleteObjects: 0.036900 ms)

========================================================================
Received Prepare
Registering precompiled user dll's ...
Registered in 0.003571 seconds.
Begin MonoManager ReloadAssembly
Native extension for WindowsStandalone target not found
Refreshing native plugins compatible for Editor in 0.74 ms, found 3 plugins.
Preloading 0 native plugins for Editor in 0.00 ms.
Mono: successfully reloaded assembly
- Completed reload, in  1.441 seconds
Platform modules already initialized, skipping
Refreshing native plugins compatible for Editor in 1.10 ms, found 3 plugins.
Preloading 0 native plugins for Editor in 0.00 ms.
Unloading 2171 Unused Serialized files (Serialized files now loaded: 0)
System memory in use before: 95.1 MB.
System memory in use after: 95.2 MB.

Unloading 29 unused Assets to reduce memory usage. Loaded Objects now: 2646.
Total: 5.339700 ms (FindLiveObjects: 0.359100 ms CreateObjectMapping: 0.063900 ms MarkObjects: 4.868800 ms  DeleteObjects: 0.045100 ms)

========================================================================
Received Prepare
Registering precompiled user dll's ...
Registered in 0.005188 seconds.
Begin MonoManager ReloadAssembly
Native extension for WindowsStandalone target not found
Refreshing native plugins compatible for Editor in 0.90 ms, found 3 plugins.
Preloading 0 native plugins for Editor in 0.00 ms.
Mono: successfully reloaded assembly
- Completed reload, in  1.532 seconds
Platform modules already initialized, skipping
Refreshing native plugins compatible for Editor in 1.04 ms, found 3 plugins.
Preloading 0 native plugins for Editor in 0.00 ms.
Unloading 2171 Unused Serialized files (Serialized files now loaded: 0)
System memory in use before: 95.1 MB.
System memory in use after: 95.2 MB.

Unloading 29 unused Assets to reduce memory usage. Loaded Objects now: 2650.
Total: 3.469300 ms (FindLiveObjects: 0.285100 ms CreateObjectMapping: 0.071300 ms MarkObjects: 3.078100 ms  DeleteObjects: 0.033100 ms)

========================================================================
Received Import Request.
  Time since last request: 813.983588 seconds.
  path: Assets/Scripts/NewBehaviourScript.cs
  artifactKey: Guid(c7dcb2a4ecd97f54daa52f41e6950a03) Importer(815301076,1909f56bfc062723c751e8b465ee728b)
Start importing Assets/Scripts/NewBehaviourScript.cs using Guid(c7dcb2a4ecd97f54daa52f41e6950a03) Importer(815301076,1909f56bfc062723c751e8b465ee728b)  -> (artifact id: '69a039a779f3911f1918294a0086bd4c') in 0.021658 seconds
  Import took 0.027473 seconds .

========================================================================
Received Prepare
Registering precompiled user dll's ...
Registered in 0.004228 seconds.
Begin MonoManager ReloadAssembly
Native extension for WindowsStandalone target not found
Refreshing native plugins compatible for Editor in 0.79 ms, found 3 plugins.
Preloading 0 native plugins for Editor in 0.00 ms.
Mono: successfully reloaded assembly
- Completed reload, in  1.552 seconds
Platform modules already initialized, skipping
Refreshing native plugins compatible for Editor in 1.15 ms, found 3 plugins.
Preloading 0 native plugins for Editor in 0.00 ms.
Unloading 2171 Unused Serialized files (Serialized files now loaded: 0)
System memory in use before: 95.1 MB.
System memory in use after: 95.2 MB.

Unloading 29 unused Assets to reduce memory usage. Loaded Objects now: 2654.
Total: 4.901900 ms (FindLiveObjects: 0.524300 ms CreateObjectMapping: 0.318200 ms MarkObjects: 4.015800 ms  DeleteObjects: 0.041100 ms)

========================================================================
Received Prepare
Registering precompiled user dll's ...
Registered in 0.003883 seconds.
Begin MonoManager ReloadAssembly
Native extension for WindowsStandalone target not found
Refreshing native plugins compatible for Editor in 1.08 ms, found 3 plugins.
Preloading 0 native plugins for Editor in 0.00 ms.
Mono: successfully reloaded assembly
- Completed reload, in  1.404 seconds
Platform modules already initialized, skipping
Refreshing native plugins compatible for Editor in 1.02 ms, found 3 plugins.
Preloading 0 native plugins for Editor in 0.00 ms.
Unloading 2171 Unused Serialized files (Serialized files now loaded: 0)
System memory in use before: 95.1 MB.
System memory in use after: 95.2 MB.

Unloading 29 unused Assets to reduce memory usage. Loaded Objects now: 2658.
Total: 3.449100 ms (FindLiveObjects: 0.340400 ms CreateObjectMapping: 0.139700 ms MarkObjects: 2.935100 ms  DeleteObjects: 0.032100 ms)

========================================================================
Received Import Request.
  Time since last request: 17.577143 seconds.
  path: Assets/Scripts/Point.cs
  artifactKey: Guid(61f4101e16b33fd40b6c78c5eeccdd91) Importer(815301076,1909f56bfc062723c751e8b465ee728b)
Start importing Assets/Scripts/Point.cs using Guid(61f4101e16b33fd40b6c78c5eeccdd91) Importer(815301076,1909f56bfc062723c751e8b465ee728b)  -> (artifact id: '23e2ffd597442daf3df5bb1f8d9b31b2') in 0.024163 seconds
  Import took 0.031093 seconds .

========================================================================
Received Prepare
Registering precompiled user dll's ...
Registered in 0.039634 seconds.
Begin MonoManager ReloadAssembly
Native extension for WindowsStandalone target not found
Refreshing native plugins compatible for Editor in 0.89 ms, found 3 plugins.
Preloading 0 native plugins for Editor in 0.00 ms.
Mono: successfully reloaded assembly
- Completed reload, in  2.133 seconds
Platform modules already initialized, skipping
Refreshing native plugins compatible for Editor in 1.16 ms, found 3 plugins.
Preloading 0 native plugins for Editor in 0.00 ms.
Unloading 2172 Unused Serialized files (Serialized files now loaded: 0)
System memory in use before: 95.1 MB.
System memory in use after: 95.3 MB.

Unloading 29 unused Assets to reduce memory usage. Loaded Objects now: 2663.
Total: 4.171900 ms (FindLiveObjects: 0.409800 ms CreateObjectMapping: 0.212700 ms MarkObjects: 3.493500 ms  DeleteObjects: 0.052900 ms)

========================================================================
Received Import Request.
  Time since last request: 14.766028 seconds.
  path: Assets/Prefabs/Point.prefab
  artifactKey: Guid(d0dc2ad68c3995d47b617183b91ff253) Importer(815301076,1909f56bfc062723c751e8b465ee728b)
Start importing Assets/Prefabs/Point.prefab using Guid(d0dc2ad68c3995d47b617183b91ff253) Importer(815301076,1909f56bfc062723c751e8b465ee728b)  -> (artifact id: '21086d1c03637890b2a7fcb77cbade70') in 0.064827 seconds
  Import took 0.072655 seconds .

========================================================================
Received Prepare
Registering precompiled user dll's ...
Registered in 0.007426 seconds.
Begin MonoManager ReloadAssembly
Native extension for WindowsStandalone target not found
Refreshing native plugins compatible for Editor in 0.79 ms, found 3 plugins.
Preloading 0 native plugins for Editor in 0.00 ms.
Mono: successfully reloaded assembly
- Completed reload, in  1.441 seconds
Platform modules already initialized, skipping
Refreshing native plugins compatible for Editor in 0.72 ms, found 3 plugins.
Preloading 0 native plugins for Editor in 0.00 ms.
Unloading 2172 Unused Serialized files (Serialized files now loaded: 0)
System memory in use before: 95.1 MB.
System memory in use after: 95.3 MB.

Unloading 29 unused Assets to reduce memory usage. Loaded Objects now: 2667.
Total: 2.823000 ms (FindLiveObjects: 0.293600 ms CreateObjectMapping: 0.056600 ms MarkObjects: 2.441800 ms  DeleteObjects: 0.029600 ms)

========================================================================
Received Import Request.
  Time since last request: 61.567292 seconds.
  path: Assets/Scripts/Point.cs
  artifactKey: Guid(61f4101e16b33fd40b6c78c5eeccdd91) Importer(815301076,1909f56bfc062723c751e8b465ee728b)
Start importing Assets/Scripts/Point.cs using Guid(61f4101e16b33fd40b6c78c5eeccdd91) Importer(815301076,1909f56bfc062723c751e8b465ee728b)  -> (artifact id: '961fd75199ff57a7d9f156df954baa79') in 0.008717 seconds
  Import took 0.014462 seconds .

========================================================================
Received Import Request.
  Time since last request: 0.000293 seconds.
  path: Assets/Prefabs/Point.prefab
  artifactKey: Guid(d0dc2ad68c3995d47b617183b91ff253) Importer(815301076,1909f56bfc062723c751e8b465ee728b)
Start importing Assets/Prefabs/Point.prefab using Guid(d0dc2ad68c3995d47b617183b91ff253) Importer(815301076,1909f56bfc062723c751e8b465ee728b)  -> (artifact id: 'b9fc27b662e7a2e77b670020b5d0e885') in 0.030453 seconds
  Import took 0.034829 seconds .

========================================================================
Received Import Request.
  Time since last request: 0.018279 seconds.
  path: Assets/Prefabs/Point.prefab
  artifactKey: Guid(d0dc2ad68c3995d47b617183b91ff253) Importer(815301076,1909f56bfc062723c751e8b465ee728b)
Start importing Assets/Prefabs/Point.prefab using Guid(d0dc2ad68c3995d47b617183b91ff253) Importer(815301076,1909f56bfc062723c751e8b465ee728b)  -> (artifact id: 'b9fc27b662e7a2e77b670020b5d0e885') in 0.009357 seconds
  Import took 0.014999 seconds .

========================================================================
Received Import Request.
  Time since last request: 13.287631 seconds.
  path: Assets/Prefabs/Point.prefab
  artifactKey: Guid(d0dc2ad68c3995d47b617183b91ff253) Importer(815301076,1909f56bfc062723c751e8b465ee728b)
Start importing Assets/Prefabs/Point.prefab using Guid(d0dc2ad68c3995d47b617183b91ff253) Importer(815301076,1909f56bfc062723c751e8b465ee728b)  -> (artifact id: 'e22045534014ee902e2050cdf88fda90') in 0.006734 seconds
  Import took 0.012066 seconds .

========================================================================
Received Import Request.
  Time since last request: 5.516854 seconds.
  path: Assets/Prefabs/Point.prefab
  artifactKey: Guid(d0dc2ad68c3995d47b617183b91ff253) Importer(815301076,1909f56bfc062723c751e8b465ee728b)
Start importing Assets/Prefabs/Point.prefab using Guid(d0dc2ad68c3995d47b617183b91ff253) Importer(815301076,1909f56bfc062723c751e8b465ee728b)  -> (artifact id: '97a7fe84a5b338677fb883bf5d822bf2') in 0.005955 seconds
  Import took 0.011604 seconds .

========================================================================
Received Import Request.
  Time since last request: 3.532417 seconds.
  path: Assets/Prefabs/Point.prefab
  artifactKey: Guid(d0dc2ad68c3995d47b617183b91ff253) Importer(815301076,1909f56bfc062723c751e8b465ee728b)
Start importing Assets/Prefabs/Point.prefab using Guid(d0dc2ad68c3995d47b617183b91ff253) Importer(815301076,1909f56bfc062723c751e8b465ee728b)  -> (artifact id: '688d657b5aea77fa4e23cf883504009d') in 0.008327 seconds
  Import took 0.014370 seconds .

========================================================================
Received Import Request.
  Time since last request: 1.428810 seconds.
  path: Assets/Prefabs/Point.prefab
  artifactKey: Guid(d0dc2ad68c3995d47b617183b91ff253) Importer(815301076,1909f56bfc062723c751e8b465ee728b)
Start importing Assets/Prefabs/Point.prefab using Guid(d0dc2ad68c3995d47b617183b91ff253) Importer(815301076,1909f56bfc062723c751e8b465ee728b)  -> (artifact id: '3d0c493aaa3f8760ab24497a80a71053') in 0.008683 seconds
  Import took 0.013272 seconds .

========================================================================
Received Import Request.
  Time since last request: 47.260001 seconds.
  path: Assets/Prefabs/Point.prefab
  artifactKey: Guid(d0dc2ad68c3995d47b617183b91ff253) Importer(815301076,1909f56bfc062723c751e8b465ee728b)
Start importing Assets/Prefabs/Point.prefab using Guid(d0dc2ad68c3995d47b617183b91ff253) Importer(815301076,1909f56bfc062723c751e8b465ee728b)  -> (artifact id: 'fa96afc0d0de7720693b83074b7b303e') in 0.007994 seconds
  Import took 0.015005 seconds .

========================================================================
Received Prepare
Registering precompiled user dll's ...
Registered in 0.005131 seconds.
Begin MonoManager ReloadAssembly
Native extension for WindowsStandalone target not found
Refreshing native plugins compatible for Editor in 0.76 ms, found 3 plugins.
Preloading 0 native plugins for Editor in 0.00 ms.
Mono: successfully reloaded assembly
- Completed reload, in  1.630 seconds
Platform modules already initialized, skipping
Refreshing native plugins compatible for Editor in 0.83 ms, found 3 plugins.
Preloading 0 native plugins for Editor in 0.00 ms.
Unloading 2172 Unused Serialized files (Serialized files now loaded: 0)
System memory in use before: 95.1 MB.
System memory in use after: 95.3 MB.

Unloading 29 unused Assets to reduce memory usage. Loaded Objects now: 2671.
Total: 3.690900 ms (FindLiveObjects: 0.335100 ms CreateObjectMapping: 0.060400 ms MarkObjects: 3.257700 ms  DeleteObjects: 0.035300 ms)

========================================================================
Received Import Request.
  Time since last request: 18.772343 seconds.
  path: Assets/Prefabs/Point.prefab
  artifactKey: Guid(d0dc2ad68c3995d47b617183b91ff253) Importer(815301076,1909f56bfc062723c751e8b465ee728b)
Start importing Assets/Prefabs/Point.prefab using Guid(d0dc2ad68c3995d47b617183b91ff253) Importer(815301076,1909f56bfc062723c751e8b465ee728b)  -> (artifact id: '0b7d09d81e1147a4acd39a115f91d774') in 0.028983 seconds
  Import took 0.036975 seconds .

========================================================================
Received Prepare
Registering precompiled user dll's ...
Registered in 0.005115 seconds.
Begin MonoManager ReloadAssembly
Native extension for WindowsStandalone target not found
Refreshing native plugins compatible for Editor in 0.73 ms, found 3 plugins.
Preloading 0 native plugins for Editor in 0.00 ms.
Mono: successfully reloaded assembly
- Completed reload, in  1.312 seconds
Platform modules already initialized, skipping
Refreshing native plugins compatible for Editor in 0.71 ms, found 3 plugins.
Preloading 0 native plugins for Editor in 0.00 ms.
Unloading 2172 Unused Serialized files (Serialized files now loaded: 0)
System memory in use before: 95.2 MB.
System memory in use after: 95.3 MB.

Unloading 29 unused Assets to reduce memory usage. Loaded Objects now: 2675.
Total: 6.060700 ms (FindLiveObjects: 0.469700 ms CreateObjectMapping: 0.146200 ms MarkObjects: 5.385000 ms  DeleteObjects: 0.057000 ms)

========================================================================
Received Import Request.
  Time since last request: 362.801927 seconds.
  path: Assets/Prefabs/Point.prefab
  artifactKey: Guid(d0dc2ad68c3995d47b617183b91ff253) Importer(815301076,1909f56bfc062723c751e8b465ee728b)
Start importing Assets/Prefabs/Point.prefab using Guid(d0dc2ad68c3995d47b617183b91ff253) Importer(815301076,1909f56bfc062723c751e8b465ee728b)  -> (artifact id: '90c08ce25d4afb96256ba36c230399e8') in 0.040401 seconds
  Import took 0.044793 seconds .

========================================================================
Received Prepare
Registering precompiled user dll's ...
Registered in 0.003835 seconds.
Begin MonoManager ReloadAssembly
Native extension for WindowsStandalone target not found
Refreshing native plugins compatible for Editor in 0.74 ms, found 3 plugins.
Preloading 0 native plugins for Editor in 0.00 ms.
Mono: successfully reloaded assembly
- Completed reload, in  1.273 seconds
Platform modules already initialized, skipping
Refreshing native plugins compatible for Editor in 0.83 ms, found 3 plugins.
Preloading 0 native plugins for Editor in 0.00 ms.
Unloading 2172 Unused Serialized files (Serialized files now loaded: 0)
System memory in use before: 95.2 MB.
System memory in use after: 95.3 MB.

Unloading 29 unused Assets to reduce memory usage. Loaded Objects now: 2679.
Total: 2.951300 ms (FindLiveObjects: 0.319100 ms CreateObjectMapping: 0.058800 ms MarkObjects: 2.542900 ms  DeleteObjects: 0.028600 ms)

========================================================================
Received Import Request.
  Time since last request: 1802.129106 seconds.
  path: Assets/Prefabs/Point.prefab
  artifactKey: Guid(d0dc2ad68c3995d47b617183b91ff253) Importer(815301076,1909f56bfc062723c751e8b465ee728b)
Start importing Assets/Prefabs/Point.prefab using Guid(d0dc2ad68c3995d47b617183b91ff253) Importer(815301076,1909f56bfc062723c751e8b465ee728b)  -> (artifact id: '38a74d6d047754adcdea234c90276493') in 0.034355 seconds
  Import took 0.040176 seconds .

========================================================================
Received Prepare
Registering precompiled user dll's ...
Registered in 0.004097 seconds.
Begin MonoManager ReloadAssembly
Native extension for WindowsStandalone target not found
Refreshing native plugins compatible for Editor in 0.76 ms, found 3 plugins.
Preloading 0 native plugins for Editor in 0.00 ms.
Mono: successfully reloaded assembly
- Completed reload, in  1.458 seconds
Platform modules already initialized, skipping
Refreshing native plugins compatible for Editor in 1.54 ms, found 3 plugins.
Preloading 0 native plugins for Editor in 0.00 ms.
Unloading 2172 Unused Serialized files (Serialized files now loaded: 0)
System memory in use before: 95.2 MB.
System memory in use after: 95.3 MB.

Unloading 29 unused Assets to reduce memory usage. Loaded Objects now: 2683.
Total: 3.772000 ms (FindLiveObjects: 0.365700 ms CreateObjectMapping: 0.083400 ms MarkObjects: 3.282900 ms  DeleteObjects: 0.038200 ms)

========================================================================
Received Prepare
Registering precompiled user dll's ...
Registered in 0.003887 seconds.
Begin MonoManager ReloadAssembly
Native extension for WindowsStandalone target not found
Refreshing native plugins compatible for Editor in 0.79 ms, found 3 plugins.
Preloading 0 native plugins for Editor in 0.00 ms.
Mono: successfully reloaded assembly
- Completed reload, in  1.284 seconds
Platform modules already initialized, skipping
Refreshing native plugins compatible for Editor in 0.98 ms, found 3 plugins.
Preloading 0 native plugins for Editor in 0.00 ms.
Unloading 2172 Unused Serialized files (Serialized files now loaded: 0)
System memory in use before: 95.2 MB.
System memory in use after: 95.3 MB.

Unloading 29 unused Assets to reduce memory usage. Loaded Objects now: 2687.
Total: 2.912600 ms (FindLiveObjects: 0.298500 ms CreateObjectMapping: 0.066900 ms MarkObjects: 2.514000 ms  DeleteObjects: 0.031300 ms)

========================================================================
Received Prepare
Registering precompiled user dll's ...
Registered in 0.005020 seconds.
Begin MonoManager ReloadAssembly
Native extension for WindowsStandalone target not found
Refreshing native plugins compatible for Editor in 1.05 ms, found 3 plugins.
Preloading 0 native plugins for Editor in 0.00 ms.
Mono: successfully reloaded assembly
- Completed reload, in  1.676 seconds
Platform modules already initialized, skipping
Refreshing native plugins compatible for Editor in 0.98 ms, found 3 plugins.
Preloading 0 native plugins for Editor in 0.00 ms.
Unloading 2172 Unused Serialized files (Serialized files now loaded: 0)
System memory in use before: 95.2 MB.
System memory in use after: 95.3 MB.

Unloading 29 unused Assets to reduce memory usage. Loaded Objects now: 2691.
Total: 4.655000 ms (FindLiveObjects: 0.297100 ms CreateObjectMapping: 0.074400 ms MarkObjects: 4.246500 ms  DeleteObjects: 0.035000 ms)

========================================================================
Received Import Request.
  Time since last request: 412.513754 seconds.
  path: Assets/Prefabs/Point.prefab
  artifactKey: Guid(d0dc2ad68c3995d47b617183b91ff253) Importer(815301076,1909f56bfc062723c751e8b465ee728b)
Start importing Assets/Prefabs/Point.prefab using Guid(d0dc2ad68c3995d47b617183b91ff253) Importer(815301076,1909f56bfc062723c751e8b465ee728b)  -> (artifact id: 'e2c7fcab76fb7d7d8ffa56a84e943480') in 0.052938 seconds
  Import took 0.059703 seconds .

========================================================================
Received Import Request.
  Time since last request: 1.537894 seconds.
  path: Assets/Prefabs/Point.prefab
  artifactKey: Guid(d0dc2ad68c3995d47b617183b91ff253) Importer(815301076,1909f56bfc062723c751e8b465ee728b)
Start importing Assets/Prefabs/Point.prefab using Guid(d0dc2ad68c3995d47b617183b91ff253) Importer(815301076,1909f56bfc062723c751e8b465ee728b)  -> (artifact id: 'b24fa5a14f6168d9ec9c43637f0870fd') in 0.006361 seconds
  Import took 0.012402 seconds .

========================================================================
Received Import Request.
  Time since last request: 2.461019 seconds.
  path: Assets/Prefabs/Point.prefab
  artifactKey: Guid(d0dc2ad68c3995d47b617183b91ff253) Importer(815301076,1909f56bfc062723c751e8b465ee728b)
Start importing Assets/Prefabs/Point.prefab using Guid(d0dc2ad68c3995d47b617183b91ff253) Importer(815301076,1909f56bfc062723c751e8b465ee728b)  -> (artifact id: '2c96c440ff31929018e82c0c7bc35c10') in 0.005829 seconds
  Import took 0.011628 seconds .

========================================================================
Received Prepare
Registering precompiled user dll's ...
Registered in 0.004020 seconds.
Begin MonoManager ReloadAssembly
Native extension for WindowsStandalone target not found
Refreshing native plugins compatible for Editor in 0.76 ms, found 3 plugins.
Preloading 0 native plugins for Editor in 0.00 ms.
Mono: successfully reloaded assembly
- Completed reload, in  1.247 seconds
Platform modules already initialized, skipping
Refreshing native plugins compatible for Editor in 0.80 ms, found 3 plugins.
Preloading 0 native plugins for Editor in 0.00 ms.
Unloading 2172 Unused Serialized files (Serialized files now loaded: 0)
System memory in use before: 95.2 MB.
System memory in use after: 95.3 MB.

Unloading 29 unused Assets to reduce memory usage. Loaded Objects now: 2695.
Total: 3.759500 ms (FindLiveObjects: 0.303100 ms CreateObjectMapping: 0.081000 ms MarkObjects: 3.327200 ms  DeleteObjects: 0.045900 ms)

========================================================================
Received Prepare
Registering precompiled user dll's ...
Registered in 0.004893 seconds.
Begin MonoManager ReloadAssembly
Native extension for WindowsStandalone target not found
Refreshing native plugins compatible for Editor in 0.74 ms, found 3 plugins.
Preloading 0 native plugins for Editor in 0.00 ms.
Mono: successfully reloaded assembly
- Completed reload, in  1.203 seconds
Platform modules already initialized, skipping
Refreshing native plugins compatible for Editor in 0.98 ms, found 3 plugins.
Preloading 0 native plugins for Editor in 0.00 ms.
Unloading 2172 Unused Serialized files (Serialized files now loaded: 0)
System memory in use before: 95.2 MB.
System memory in use after: 95.3 MB.

Unloading 29 unused Assets to reduce memory usage. Loaded Objects now: 2699.
Total: 4.028600 ms (FindLiveObjects: 0.378300 ms CreateObjectMapping: 0.087300 ms MarkObjects: 3.523600 ms  DeleteObjects: 0.037300 ms)

========================================================================
Received Prepare
Registering precompiled user dll's ...
Registered in 0.004105 seconds.
Begin MonoManager ReloadAssembly
Native extension for WindowsStandalone target not found
Refreshing native plugins compatible for Editor in 0.99 ms, found 3 plugins.
Preloading 0 native plugins for Editor in 0.00 ms.
Mono: successfully reloaded assembly
- Completed reload, in  1.398 seconds
Platform modules already initialized, skipping
Refreshing native plugins compatible for Editor in 1.19 ms, found 3 plugins.
Preloading 0 native plugins for Editor in 0.00 ms.
Unloading 2172 Unused Serialized files (Serialized files now loaded: 0)
System memory in use before: 95.3 MB.
System memory in use after: 95.4 MB.

Unloading 29 unused Assets to reduce memory usage. Loaded Objects now: 2703.
Total: 3.871300 ms (FindLiveObjects: 0.295300 ms CreateObjectMapping: 0.057900 ms MarkObjects: 3.480100 ms  DeleteObjects: 0.035900 ms)

========================================================================
Received Prepare
Registering precompiled user dll's ...
Registered in 0.003732 seconds.
Begin MonoManager ReloadAssembly
Native extension for WindowsStandalone target not found
Refreshing native plugins compatible for Editor in 0.73 ms, found 3 plugins.
Preloading 0 native plugins for Editor in 0.00 ms.
Mono: successfully reloaded assembly
- Completed reload, in  1.264 seconds
Platform modules already initialized, skipping
Refreshing native plugins compatible for Editor in 0.76 ms, found 3 plugins.
Preloading 0 native plugins for Editor in 0.00 ms.
Unloading 2172 Unused Serialized files (Serialized files now loaded: 0)
System memory in use before: 95.3 MB.
System memory in use after: 95.5 MB.

Unloading 29 unused Assets to reduce memory usage. Loaded Objects now: 2707.
Total: 3.225700 ms (FindLiveObjects: 0.352900 ms CreateObjectMapping: 0.069400 ms MarkObjects: 2.768900 ms  DeleteObjects: 0.032700 ms)

========================================================================
Received Prepare
Registering precompiled user dll's ...
Registered in 0.003415 seconds.
Begin MonoManager ReloadAssembly
Native extension for WindowsStandalone target not found
Refreshing native plugins compatible for Editor in 0.73 ms, found 3 plugins.
Preloading 0 native plugins for Editor in 0.00 ms.
Mono: successfully reloaded assembly
- Completed reload, in  1.336 seconds
Platform modules already initialized, skipping
Refreshing native plugins compatible for Editor in 0.76 ms, found 3 plugins.
Preloading 0 native plugins for Editor in 0.00 ms.
Unloading 2172 Unused Serialized files (Serialized files now loaded: 0)
System memory in use before: 95.3 MB.
System memory in use after: 95.6 MB.

Unloading 29 unused Assets to reduce memory usage. Loaded Objects now: 2711.
Total: 5.043500 ms (FindLiveObjects: 0.469700 ms CreateObjectMapping: 0.146200 ms MarkObjects: 4.368500 ms  DeleteObjects: 0.056400 ms)

========================================================================
Received Prepare
Registering precompiled user dll's ...
Registered in 0.003526 seconds.
Begin MonoManager ReloadAssembly
Native extension for WindowsStandalone target not found
Refreshing native plugins compatible for Editor in 1.05 ms, found 3 plugins.
Preloading 0 native plugins for Editor in 0.00 ms.
Mono: successfully reloaded assembly
- Completed reload, in  1.463 seconds
Platform modules already initialized, skipping
Refreshing native plugins compatible for Editor in 0.76 ms, found 3 plugins.
Preloading 0 native plugins for Editor in 0.00 ms.
Unloading 2172 Unused Serialized files (Serialized files now loaded: 0)
System memory in use before: 95.4 MB.
System memory in use after: 95.6 MB.

Unloading 29 unused Assets to reduce memory usage. Loaded Objects now: 2715.
Total: 3.357500 ms (FindLiveObjects: 0.428800 ms CreateObjectMapping: 0.101900 ms MarkObjects: 2.796200 ms  DeleteObjects: 0.028300 ms)

========================================================================
Received Import Request.
  Time since last request: 478.473384 seconds.
  path: Assets/Prefabs/Point.prefab
  artifactKey: Guid(d0dc2ad68c3995d47b617183b91ff253) Importer(815301076,1909f56bfc062723c751e8b465ee728b)
Start importing Assets/Prefabs/Point.prefab using Guid(d0dc2ad68c3995d47b617183b91ff253) Importer(815301076,1909f56bfc062723c751e8b465ee728b)  -> (artifact id: 'ac84198aae1ccf1a40b6f52bfcaa33a9') in 0.030440 seconds
  Import took 0.035151 seconds .

========================================================================
Received Import Request.
  Time since last request: 6.908147 seconds.
  path: Assets/Prefabs/Point.prefab
  artifactKey: Guid(d0dc2ad68c3995d47b617183b91ff253) Importer(815301076,1909f56bfc062723c751e8b465ee728b)
Start importing Assets/Prefabs/Point.prefab using Guid(d0dc2ad68c3995d47b617183b91ff253) Importer(815301076,1909f56bfc062723c751e8b465ee728b)  -> (artifact id: 'aeedb4aa1241ea0fdb61ca5278321c19') in 0.005403 seconds
  Import took 0.010285 seconds .

========================================================================
Received Prepare
Registering precompiled user dll's ...
Registered in 0.007577 seconds.
Begin MonoManager ReloadAssembly
Native extension for WindowsStandalone target not found
Refreshing native plugins compatible for Editor in 0.77 ms, found 3 plugins.
Preloading 0 native plugins for Editor in 0.00 ms.
Mono: successfully reloaded assembly
- Completed reload, in  2.595 seconds
Platform modules already initialized, skipping
Refreshing native plugins compatible for Editor in 0.73 ms, found 3 plugins.
Preloading 0 native plugins for Editor in 0.00 ms.
Unloading 2172 Unused Serialized files (Serialized files now loaded: 0)
System memory in use before: 95.4 MB.
System memory in use after: 95.6 MB.

Unloading 29 unused Assets to reduce memory usage. Loaded Objects now: 2719.
Total: 4.943300 ms (FindLiveObjects: 0.451300 ms CreateObjectMapping: 0.115200 ms MarkObjects: 4.329000 ms  DeleteObjects: 0.045800 ms)

========================================================================
Received Prepare
Registering precompiled user dll's ...
Registered in 0.003297 seconds.
Begin MonoManager ReloadAssembly
Native extension for WindowsStandalone target not found
Refreshing native plugins compatible for Editor in 0.73 ms, found 3 plugins.
Preloading 0 native plugins for Editor in 0.00 ms.
Mono: successfully reloaded assembly
- Completed reload, in  1.326 seconds
Platform modules already initialized, skipping
Refreshing native plugins compatible for Editor in 0.78 ms, found 3 plugins.
Preloading 0 native plugins for Editor in 0.00 ms.
Unloading 2172 Unused Serialized files (Serialized files now loaded: 0)
System memory in use before: 95.4 MB.
System memory in use after: 95.6 MB.

Unloading 29 unused Assets to reduce memory usage. Loaded Objects now: 2723.
Total: 4.973400 ms (FindLiveObjects: 0.405100 ms CreateObjectMapping: 0.133000 ms MarkObjects: 4.377900 ms  DeleteObjects: 0.055300 ms)

========================================================================
Received Prepare
Registering precompiled user dll's ...
Registered in 0.003330 seconds.
Begin MonoManager ReloadAssembly
Native extension for WindowsStandalone target not found
Refreshing native plugins compatible for Editor in 0.99 ms, found 3 plugins.
Preloading 0 native plugins for Editor in 0.00 ms.
Mono: successfully reloaded assembly
- Completed reload, in  1.350 seconds
Platform modules already initialized, skipping
Refreshing native plugins compatible for Editor in 0.74 ms, found 3 plugins.
Preloading 0 native plugins for Editor in 0.00 ms.
Unloading 2172 Unused Serialized files (Serialized files now loaded: 0)
System memory in use before: 95.4 MB.
System memory in use after: 95.6 MB.

Unloading 29 unused Assets to reduce memory usage. Loaded Objects now: 2727.
Total: 3.518400 ms (FindLiveObjects: 0.465100 ms CreateObjectMapping: 0.147100 ms MarkObjects: 2.866500 ms  DeleteObjects: 0.037300 ms)

========================================================================
Received Prepare
Registering precompiled user dll's ...
Registered in 0.003419 seconds.
Begin MonoManager ReloadAssembly
Native extension for WindowsStandalone target not found
Refreshing native plugins compatible for Editor in 1.29 ms, found 3 plugins.
Preloading 0 native plugins for Editor in 0.00 ms.
Mono: successfully reloaded assembly
- Completed reload, in  1.311 seconds
Platform modules already initialized, skipping
Refreshing native plugins compatible for Editor in 0.72 ms, found 3 plugins.
Preloading 0 native plugins for Editor in 0.00 ms.
Unloading 2172 Unused Serialized files (Serialized files now loaded: 0)
System memory in use before: 95.4 MB.
System memory in use after: 95.6 MB.

Unloading 29 unused Assets to reduce memory usage. Loaded Objects now: 2731.
Total: 3.615900 ms (FindLiveObjects: 0.456100 ms CreateObjectMapping: 0.129500 ms MarkObjects: 2.993800 ms  DeleteObjects: 0.034400 ms)

========================================================================
Received Prepare
Registering precompiled user dll's ...
Registered in 0.006204 seconds.
Begin MonoManager ReloadAssembly
Native extension for WindowsStandalone target not found
Refreshing native plugins compatible for Editor in 0.73 ms, found 3 plugins.
Preloading 0 native plugins for Editor in 0.00 ms.
Mono: successfully reloaded assembly
- Completed reload, in  1.377 seconds
Platform modules already initialized, skipping
Refreshing native plugins compatible for Editor in 0.84 ms, found 3 plugins.
Preloading 0 native plugins for Editor in 0.00 ms.
Unloading 2172 Unused Serialized files (Serialized files now loaded: 0)
System memory in use before: 95.4 MB.
System memory in use after: 95.6 MB.

Unloading 29 unused Assets to reduce memory usage. Loaded Objects now: 2735.
Total: 3.353500 ms (FindLiveObjects: 0.312200 ms CreateObjectMapping: 0.072000 ms MarkObjects: 2.929000 ms  DeleteObjects: 0.038700 ms)

========================================================================
Received Prepare
Registering precompiled user dll's ...
Registered in 0.004484 seconds.
Begin MonoManager ReloadAssembly
Native extension for WindowsStandalone target not found
Refreshing native plugins compatible for Editor in 0.74 ms, found 3 plugins.
Preloading 0 native plugins for Editor in 0.00 ms.
Mono: successfully reloaded assembly
- Completed reload, in  1.335 seconds
Platform modules already initialized, skipping
Refreshing native plugins compatible for Editor in 0.73 ms, found 3 plugins.
Preloading 0 native plugins for Editor in 0.00 ms.
Unloading 2172 Unused Serialized files (Serialized files now loaded: 0)
System memory in use before: 95.4 MB.
System memory in use after: 95.6 MB.

Unloading 29 unused Assets to reduce memory usage. Loaded Objects now: 2739.
Total: 5.122500 ms (FindLiveObjects: 0.319100 ms CreateObjectMapping: 0.085800 ms MarkObjects: 4.674800 ms  DeleteObjects: 0.040600 ms)

========================================================================
Received Prepare
Registering precompiled user dll's ...
Registered in 0.005975 seconds.
Begin MonoManager ReloadAssembly
Native extension for WindowsStandalone target not found
Refreshing native plugins compatible for Editor in 0.73 ms, found 3 plugins.
Preloading 0 native plugins for Editor in 0.00 ms.
Mono: successfully reloaded assembly
- Completed reload, in  1.382 seconds
Platform modules already initialized, skipping
Refreshing native plugins compatible for Editor in 0.72 ms, found 3 plugins.
Preloading 0 native plugins for Editor in 0.00 ms.
Unloading 2172 Unused Serialized files (Serialized files now loaded: 0)
System memory in use before: 95.4 MB.
System memory in use after: 95.6 MB.

Unloading 29 unused Assets to reduce memory usage. Loaded Objects now: 2743.
Total: 3.704200 ms (FindLiveObjects: 0.373100 ms CreateObjectMapping: 0.106400 ms MarkObjects: 3.189600 ms  DeleteObjects: 0.032400 ms)

========================================================================
Received Prepare
Registering precompiled user dll's ...
Registered in 0.003515 seconds.
Begin MonoManager ReloadAssembly
Native extension for WindowsStandalone target not found
Refreshing native plugins compatible for Editor in 0.73 ms, found 3 plugins.
Preloading 0 native plugins for Editor in 0.00 ms.
Mono: successfully reloaded assembly
- Completed reload, in  1.378 seconds
Platform modules already initialized, skipping
Refreshing native plugins compatible for Editor in 0.76 ms, found 3 plugins.
Preloading 0 native plugins for Editor in 0.00 ms.
Unloading 2172 Unused Serialized files (Serialized files now loaded: 0)
System memory in use before: 95.4 MB.
System memory in use after: 95.6 MB.

Unloading 29 unused Assets to reduce memory usage. Loaded Objects now: 2747.
Total: 3.497900 ms (FindLiveObjects: 0.309200 ms CreateObjectMapping: 0.076200 ms MarkObjects: 3.077600 ms  DeleteObjects: 0.033300 ms)

========================================================================
Received Prepare
Registering precompiled user dll's ...
Registered in 0.004734 seconds.
Begin MonoManager ReloadAssembly
Native extension for WindowsStandalone target not found
Refreshing native plugins compatible for Editor in 0.73 ms, found 3 plugins.
Preloading 0 native plugins for Editor in 0.00 ms.
Mono: successfully reloaded assembly
- Completed reload, in  1.347 seconds
Platform modules already initialized, skipping
Refreshing native plugins compatible for Editor in 1.09 ms, found 3 plugins.
Preloading 0 native plugins for Editor in 0.00 ms.
Unloading 2172 Unused Serialized files (Serialized files now loaded: 0)
System memory in use before: 95.4 MB.
System memory in use after: 95.7 MB.

Unloading 29 unused Assets to reduce memory usage. Loaded Objects now: 2751.
Total: 5.144300 ms (FindLiveObjects: 0.391300 ms CreateObjectMapping: 0.069600 ms MarkObjects: 4.649400 ms  DeleteObjects: 0.032300 ms)

========================================================================
Received Import Request.
  Time since last request: 1130.702530 seconds.
  path: Assets/Scripts/MazeGenerator.cs
  artifactKey: Guid(af15edf6b38824d459d3dd1e7f5d3fc0) Importer(815301076,1909f56bfc062723c751e8b465ee728b)
Start importing Assets/Scripts/MazeGenerator.cs using Guid(af15edf6b38824d459d3dd1e7f5d3fc0) Importer(815301076,1909f56bfc062723c751e8b465ee728b)  -> (artifact id: '945f4c87895c1c25683d28b40148e084') in 0.022701 seconds
  Import took 0.030785 seconds .

========================================================================
Received Import Request.
  Time since last request: 0.019428 seconds.
  path: Assets/Scripts/MazeGenerator.cs
  artifactKey: Guid(af15edf6b38824d459d3dd1e7f5d3fc0) Importer(815301076,1909f56bfc062723c751e8b465ee728b)
Start importing Assets/Scripts/MazeGenerator.cs using Guid(af15edf6b38824d459d3dd1e7f5d3fc0) Importer(815301076,1909f56bfc062723c751e8b465ee728b)  -> (artifact id: '945f4c87895c1c25683d28b40148e084') in 0.004528 seconds
  Import took 0.011844 seconds .

========================================================================
Received Prepare
Registering precompiled user dll's ...
Registered in 0.005659 seconds.
Begin MonoManager ReloadAssembly
Native extension for WindowsStandalone target not found
Refreshing native plugins compatible for Editor in 1.34 ms, found 3 plugins.
Preloading 0 native plugins for Editor in 0.00 ms.
Mono: successfully reloaded assembly
- Completed reload, in  1.661 seconds
Platform modules already initialized, skipping
Refreshing native plugins compatible for Editor in 0.83 ms, found 3 plugins.
Preloading 0 native plugins for Editor in 0.00 ms.
Unloading 2172 Unused Serialized files (Serialized files now loaded: 0)
System memory in use before: 95.5 MB.
System memory in use after: 95.7 MB.

Unloading 29 unused Assets to reduce memory usage. Loaded Objects now: 2755.
Total: 3.402000 ms (FindLiveObjects: 0.322100 ms CreateObjectMapping: 0.070200 ms MarkObjects: 2.978900 ms  DeleteObjects: 0.028900 ms)

========================================================================
Received Prepare
Registering precompiled user dll's ...
Registered in 0.003443 seconds.
Begin MonoManager ReloadAssembly
Native extension for WindowsStandalone target not found
Refreshing native plugins compatible for Editor in 0.93 ms, found 3 plugins.
Preloading 0 native plugins for Editor in 0.00 ms.
Mono: successfully reloaded assembly
- Completed reload, in  1.382 seconds
Platform modules already initialized, skipping
Refreshing native plugins compatible for Editor in 0.72 ms, found 3 plugins.
Preloading 0 native plugins for Editor in 0.00 ms.
Unloading 2172 Unused Serialized files (Serialized files now loaded: 0)
System memory in use before: 95.5 MB.
System memory in use after: 95.7 MB.

Unloading 29 unused Assets to reduce memory usage. Loaded Objects now: 2759.
Total: 3.152900 ms (FindLiveObjects: 0.475100 ms CreateObjectMapping: 0.130100 ms MarkObjects: 2.515800 ms  DeleteObjects: 0.029600 ms)

========================================================================
Received Prepare
Registering precompiled user dll's ...
Registered in 0.003635 seconds.
Begin MonoManager ReloadAssembly
Native extension for WindowsStandalone target not found
Refreshing native plugins compatible for Editor in 0.73 ms, found 3 plugins.
Preloading 0 native plugins for Editor in 0.00 ms.
Mono: successfully reloaded assembly
- Completed reload, in  1.337 seconds
Platform modules already initialized, skipping
Refreshing native plugins compatible for Editor in 0.79 ms, found 3 plugins.
Preloading 0 native plugins for Editor in 0.00 ms.
Unloading 2172 Unused Serialized files (Serialized files now loaded: 0)
System memory in use before: 95.5 MB.
System memory in use after: 95.7 MB.

Unloading 29 unused Assets to reduce memory usage. Loaded Objects now: 2763.
Total: 5.005900 ms (FindLiveObjects: 0.365100 ms CreateObjectMapping: 0.069400 ms MarkObjects: 4.514400 ms  DeleteObjects: 0.054700 ms)

========================================================================
Received Prepare
Registering precompiled user dll's ...
Registered in 0.003980 seconds.
Begin MonoManager ReloadAssembly
Native extension for WindowsStandalone target not found
Refreshing native plugins compatible for Editor in 0.75 ms, found 3 plugins.
Preloading 0 native plugins for Editor in 0.00 ms.
Mono: successfully reloaded assembly
- Completed reload, in  1.283 seconds
Platform modules already initialized, skipping
Refreshing native plugins compatible for Editor in 0.72 ms, found 3 plugins.
Preloading 0 native plugins for Editor in 0.00 ms.
Unloading 2172 Unused Serialized files (Serialized files now loaded: 0)
System memory in use before: 95.5 MB.
System memory in use after: 95.7 MB.

Unloading 29 unused Assets to reduce memory usage. Loaded Objects now: 2767.
Total: 3.286800 ms (FindLiveObjects: 0.496500 ms CreateObjectMapping: 0.129600 ms MarkObjects: 2.621200 ms  DeleteObjects: 0.037300 ms)

========================================================================
Received Prepare
Registering precompiled user dll's ...
Registered in 0.004611 seconds.
Begin MonoManager ReloadAssembly
Native extension for WindowsStandalone target not found
Refreshing native plugins compatible for Editor in 0.76 ms, found 3 plugins.
Preloading 0 native plugins for Editor in 0.00 ms.
Mono: successfully reloaded assembly
- Completed reload, in  1.301 seconds
Platform modules already initialized, skipping
Refreshing native plugins compatible for Editor in 1.13 ms, found 3 plugins.
Preloading 0 native plugins for Editor in 0.00 ms.
Unloading 2172 Unused Serialized files (Serialized files now loaded: 0)
System memory in use before: 95.5 MB.
System memory in use after: 95.7 MB.

Unloading 29 unused Assets to reduce memory usage. Loaded Objects now: 2771.
Total: 5.290100 ms (FindLiveObjects: 0.348800 ms CreateObjectMapping: 0.071000 ms MarkObjects: 4.816200 ms  DeleteObjects: 0.051700 ms)

========================================================================
Received Prepare
Registering precompiled user dll's ...
Registered in 0.003826 seconds.
Begin MonoManager ReloadAssembly
Native extension for WindowsStandalone target not found
Refreshing native plugins compatible for Editor in 0.73 ms, found 3 plugins.
Preloading 0 native plugins for Editor in 0.00 ms.
Mono: successfully reloaded assembly
- Completed reload, in  1.224 seconds
Platform modules already initialized, skipping
Refreshing native plugins compatible for Editor in 0.81 ms, found 3 plugins.
Preloading 0 native plugins for Editor in 0.00 ms.
Unloading 2172 Unused Serialized files (Serialized files now loaded: 0)
System memory in use before: 95.5 MB.
System memory in use after: 95.7 MB.

Unloading 29 unused Assets to reduce memory usage. Loaded Objects now: 2775.
Total: 3.566700 ms (FindLiveObjects: 0.329900 ms CreateObjectMapping: 0.095200 ms MarkObjects: 3.106800 ms  DeleteObjects: 0.033000 ms)

========================================================================
Received Prepare
Registering precompiled user dll's ...
Registered in 0.003342 seconds.
Begin MonoManager ReloadAssembly
Native extension for WindowsStandalone target not found
Refreshing native plugins compatible for Editor in 0.72 ms, found 3 plugins.
Preloading 0 native plugins for Editor in 0.00 ms.
Mono: successfully reloaded assembly
- Completed reload, in  1.246 seconds
Platform modules already initialized, skipping
Refreshing native plugins compatible for Editor in 0.72 ms, found 3 plugins.
Preloading 0 native plugins for Editor in 0.00 ms.
Unloading 2172 Unused Serialized files (Serialized files now loaded: 0)
System memory in use before: 95.6 MB.
System memory in use after: 95.8 MB.

Unloading 29 unused Assets to reduce memory usage. Loaded Objects now: 2779.
Total: 3.690700 ms (FindLiveObjects: 0.421900 ms CreateObjectMapping: 0.102500 ms MarkObjects: 3.128200 ms  DeleteObjects: 0.036400 ms)

========================================================================
Received Prepare
Registering precompiled user dll's ...
Registered in 0.003922 seconds.
Begin MonoManager ReloadAssembly
Native extension for WindowsStandalone target not found
Refreshing native plugins compatible for Editor in 1.23 ms, found 3 plugins.
Preloading 0 native plugins for Editor in 0.00 ms.
Mono: successfully reloaded assembly
- Completed reload, in  1.710 seconds
Platform modules already initialized, skipping
Refreshing native plugins compatible for Editor in 1.52 ms, found 3 plugins.
Preloading 0 native plugins for Editor in 0.00 ms.
Unloading 2172 Unused Serialized files (Serialized files now loaded: 0)
System memory in use before: 95.6 MB.
System memory in use after: 95.8 MB.

Unloading 29 unused Assets to reduce memory usage. Loaded Objects now: 2783.
Total: 5.286800 ms (FindLiveObjects: 0.553300 ms CreateObjectMapping: 0.184800 ms MarkObjects: 4.504100 ms  DeleteObjects: 0.041700 ms)

========================================================================
Received Import Request.
  Time since last request: 1826.014222 seconds.
  path: Assets/Prefabs/Point.prefab
  artifactKey: Guid(d0dc2ad68c3995d47b617183b91ff253) Importer(815301076,1909f56bfc062723c751e8b465ee728b)
Start importing Assets/Prefabs/Point.prefab using Guid(d0dc2ad68c3995d47b617183b91ff253) Importer(815301076,1909f56bfc062723c751e8b465ee728b)  -> (artifact id: 'a2f9a4fbfe503f9328695b127ea96ef1') in 0.051158 seconds
  Import took 0.061784 seconds .

========================================================================
Received Prepare
Registering precompiled user dll's ...
Registered in 0.003625 seconds.
Begin MonoManager ReloadAssembly
Native extension for WindowsStandalone target not found
Refreshing native plugins compatible for Editor in 0.87 ms, found 3 plugins.
Preloading 0 native plugins for Editor in 0.00 ms.
Mono: successfully reloaded assembly
- Completed reload, in  1.338 seconds
Platform modules already initialized, skipping
Refreshing native plugins compatible for Editor in 0.86 ms, found 3 plugins.
Preloading 0 native plugins for Editor in 0.00 ms.
Unloading 2172 Unused Serialized files (Serialized files now loaded: 0)
System memory in use before: 95.6 MB.
System memory in use after: 95.8 MB.

Unloading 29 unused Assets to reduce memory usage. Loaded Objects now: 2787.
Total: 3.443800 ms (FindLiveObjects: 0.345400 ms CreateObjectMapping: 0.088400 ms MarkObjects: 2.968600 ms  DeleteObjects: 0.039400 ms)

========================================================================
Received Import Request.
  Time since last request: 4.944467 seconds.
  path: Assets/Prefabs/Point.prefab
  artifactKey: Guid(d0dc2ad68c3995d47b617183b91ff253) Importer(815301076,1909f56bfc062723c751e8b465ee728b)
Start importing Assets/Prefabs/Point.prefab using Guid(d0dc2ad68c3995d47b617183b91ff253) Importer(815301076,1909f56bfc062723c751e8b465ee728b)  -> (artifact id: 'd09d808536860f316ebe9e0502d89586') in 0.136032 seconds
  Import took 0.140597 seconds .

========================================================================
Received Import Request.
  Time since last request: 29.804809 seconds.
  path: Assets/Prefabs/Finish.prefab
  artifactKey: Guid(e6e03d30821f85d4e957cc5aba5885cd) Importer(815301076,1909f56bfc062723c751e8b465ee728b)
Start importing Assets/Prefabs/Finish.prefab using Guid(e6e03d30821f85d4e957cc5aba5885cd) Importer(815301076,1909f56bfc062723c751e8b465ee728b)  -> (artifact id: '15c145b86deed89b59951b042966eda9') in 0.013886 seconds
  Import took 0.018795 seconds .

========================================================================
Received Import Request.
  Time since last request: 0.003993 seconds.
  path: Assets/Prefabs/Finish.prefab
  artifactKey: Guid(e6e03d30821f85d4e957cc5aba5885cd) Importer(815301076,1909f56bfc062723c751e8b465ee728b)
Start importing Assets/Prefabs/Finish.prefab using Guid(e6e03d30821f85d4e957cc5aba5885cd) Importer(815301076,1909f56bfc062723c751e8b465ee728b)  -> (artifact id: '15c145b86deed89b59951b042966eda9') in 0.005348 seconds
  Import took 0.010027 seconds .

========================================================================
Received Prepare
Registering precompiled user dll's ...
Registered in 0.004320 seconds.
Begin MonoManager ReloadAssembly
Native extension for WindowsStandalone target not found
Refreshing native plugins compatible for Editor in 0.73 ms, found 3 plugins.
Preloading 0 native plugins for Editor in 0.00 ms.
Mono: successfully reloaded assembly
- Completed reload, in  1.434 seconds
Platform modules already initialized, skipping
Refreshing native plugins compatible for Editor in 0.84 ms, found 3 plugins.
Preloading 0 native plugins for Editor in 0.00 ms.
Unloading 2172 Unused Serialized files (Serialized files now loaded: 0)
System memory in use before: 98.6 MB.
System memory in use after: 98.8 MB.

Unloading 30 unused Assets to reduce memory usage. Loaded Objects now: 2799.
Total: 3.500500 ms (FindLiveObjects: 0.363100 ms CreateObjectMapping: 0.077100 ms MarkObjects: 3.018100 ms  DeleteObjects: 0.040100 ms)

========================================================================
Received Prepare
Registering precompiled user dll's ...
Registered in 0.004607 seconds.
Begin MonoManager ReloadAssembly
Native extension for WindowsStandalone target not found
Refreshing native plugins compatible for Editor in 1.33 ms, found 3 plugins.
Preloading 0 native plugins for Editor in 0.00 ms.
Mono: successfully reloaded assembly
- Completed reload, in  1.725 seconds
Platform modules already initialized, skipping
Refreshing native plugins compatible for Editor in 1.23 ms, found 3 plugins.
Preloading 0 native plugins for Editor in 0.00 ms.
Unloading 2172 Unused Serialized files (Serialized files now loaded: 0)
System memory in use before: 98.6 MB.
System memory in use after: 98.8 MB.

Unloading 29 unused Assets to reduce memory usage. Loaded Objects now: 2803.
Total: 4.711400 ms (FindLiveObjects: 0.459100 ms CreateObjectMapping: 0.140800 ms MarkObjects: 4.048500 ms  DeleteObjects: 0.059900 ms)

========================================================================
Received Prepare
Registering precompiled user dll's ...
Registered in 0.003908 seconds.
Begin MonoManager ReloadAssembly
Native extension for WindowsStandalone target not found
Refreshing native plugins compatible for Editor in 0.73 ms, found 3 plugins.
Preloading 0 native plugins for Editor in 0.00 ms.
Mono: successfully reloaded assembly
- Completed reload, in  1.402 seconds
Platform modules already initialized, skipping
Refreshing native plugins compatible for Editor in 0.72 ms, found 3 plugins.
Preloading 0 native plugins for Editor in 0.00 ms.
Unloading 2172 Unused Serialized files (Serialized files now loaded: 0)
System memory in use before: 98.6 MB.
System memory in use after: 98.8 MB.

Unloading 29 unused Assets to reduce memory usage. Loaded Objects now: 2807.
Total: 3.427000 ms (FindLiveObjects: 0.329000 ms CreateObjectMapping: 0.081300 ms MarkObjects: 2.982500 ms  DeleteObjects: 0.032400 ms)

========================================================================
Received Prepare
Registering precompiled user dll's ...
Registered in 0.005085 seconds.
Begin MonoManager ReloadAssembly
Native extension for WindowsStandalone target not found
Refreshing native plugins compatible for Editor in 0.98 ms, found 3 plugins.
Preloading 0 native plugins for Editor in 0.00 ms.
Mono: successfully reloaded assembly
- Completed reload, in  1.698 seconds
Platform modules already initialized, skipping
Refreshing native plugins compatible for Editor in 1.13 ms, found 3 plugins.
Preloading 0 native plugins for Editor in 0.00 ms.
Unloading 2172 Unused Serialized files (Serialized files now loaded: 0)
System memory in use before: 98.6 MB.
System memory in use after: 98.9 MB.

Unloading 29 unused Assets to reduce memory usage. Loaded Objects now: 2811.
Total: 4.643200 ms (FindLiveObjects: 0.427900 ms CreateObjectMapping: 0.103100 ms MarkObjects: 4.069400 ms  DeleteObjects: 0.040100 ms)

========================================================================
Received Prepare
Registering precompiled user dll's ...
Registered in 0.003965 seconds.
Begin MonoManager ReloadAssembly
Native extension for WindowsStandalone target not found
Refreshing native plugins compatible for Editor in 0.73 ms, found 3 plugins.
Preloading 0 native plugins for Editor in 0.00 ms.
Mono: successfully reloaded assembly
- Completed reload, in  1.364 seconds
Platform modules already initialized, skipping
Refreshing native plugins compatible for Editor in 0.98 ms, found 3 plugins.
Preloading 0 native plugins for Editor in 0.00 ms.
Unloading 2172 Unused Serialized files (Serialized files now loaded: 0)
System memory in use before: 98.6 MB.
System memory in use after: 98.9 MB.

Unloading 29 unused Assets to reduce memory usage. Loaded Objects now: 2815.
Total: 5.382300 ms (FindLiveObjects: 0.433200 ms CreateObjectMapping: 0.140400 ms MarkObjects: 4.759200 ms  DeleteObjects: 0.046900 ms)

========================================================================
Received Prepare
Registering precompiled user dll's ...
Registered in 0.003369 seconds.
Begin MonoManager ReloadAssembly
Native extension for WindowsStandalone target not found
Refreshing native plugins compatible for Editor in 0.73 ms, found 3 plugins.
Preloading 0 native plugins for Editor in 0.00 ms.
Mono: successfully reloaded assembly
- Completed reload, in  1.281 seconds
Platform modules already initialized, skipping
Refreshing native plugins compatible for Editor in 0.78 ms, found 3 plugins.
Preloading 0 native plugins for Editor in 0.00 ms.
Unloading 2172 Unused Serialized files (Serialized files now loaded: 0)
System memory in use before: 98.7 MB.
System memory in use after: 98.9 MB.

Unloading 29 unused Assets to reduce memory usage. Loaded Objects now: 2819.
Total: 5.343000 ms (FindLiveObjects: 0.429300 ms CreateObjectMapping: 0.150800 ms MarkObjects: 4.709300 ms  DeleteObjects: 0.051100 ms)

========================================================================
Received Prepare
Registering precompiled user dll's ...
Registered in 0.013109 seconds.
Begin MonoManager ReloadAssembly
Native extension for WindowsStandalone target not found
Refreshing native plugins compatible for Editor in 1.35 ms, found 3 plugins.
Preloading 0 native plugins for Editor in 0.00 ms.
Mono: successfully reloaded assembly
- Completed reload, in  1.609 seconds
Platform modules already initialized, skipping
Refreshing native plugins compatible for Editor in 1.19 ms, found 3 plugins.
Preloading 0 native plugins for Editor in 0.00 ms.
Unloading 2172 Unused Serialized files (Serialized files now loaded: 0)
System memory in use before: 98.7 MB.
System memory in use after: 98.9 MB.

Unloading 29 unused Assets to reduce memory usage. Loaded Objects now: 2823.
Total: 6.422600 ms (FindLiveObjects: 1.072300 ms CreateObjectMapping: 0.156400 ms MarkObjects: 5.133900 ms  DeleteObjects: 0.057000 ms)

========================================================================
Received Prepare
Registering precompiled user dll's ...
Registered in 0.005617 seconds.
Begin MonoManager ReloadAssembly
Native extension for WindowsStandalone target not found
Refreshing native plugins compatible for Editor in 1.00 ms, found 3 plugins.
Preloading 0 native plugins for Editor in 0.00 ms.
Mono: successfully reloaded assembly
- Completed reload, in  1.172 seconds
Platform modules already initialized, skipping
Refreshing native plugins compatible for Editor in 0.73 ms, found 3 plugins.
Preloading 0 native plugins for Editor in 0.00 ms.
Unloading 2172 Unused Serialized files (Serialized files now loaded: 0)
System memory in use before: 98.7 MB.
System memory in use after: 98.9 MB.

Unloading 29 unused Assets to reduce memory usage. Loaded Objects now: 2827.
Total: 6.835400 ms (FindLiveObjects: 0.669600 ms CreateObjectMapping: 0.065500 ms MarkObjects: 6.043700 ms  DeleteObjects: 0.053700 ms)

========================================================================
Received Prepare
Registering precompiled user dll's ...
Registered in 0.003449 seconds.
Begin MonoManager ReloadAssembly
Native extension for WindowsStandalone target not found
Refreshing native plugins compatible for Editor in 1.31 ms, found 3 plugins.
Preloading 0 native plugins for Editor in 0.00 ms.
Mono: successfully reloaded assembly
- Completed reload, in  1.683 seconds
Platform modules already initialized, skipping
Refreshing native plugins compatible for Editor in 1.30 ms, found 3 plugins.
Preloading 0 native plugins for Editor in 0.00 ms.
Unloading 2172 Unused Serialized files (Serialized files now loaded: 0)
System memory in use before: 98.7 MB.
System memory in use after: 98.9 MB.

Unloading 29 unused Assets to reduce memory usage. Loaded Objects now: 2831.
Total: 3.745500 ms (FindLiveObjects: 0.404400 ms CreateObjectMapping: 0.128300 ms MarkObjects: 3.172100 ms  DeleteObjects: 0.038100 ms)

========================================================================
Received Import Request.
  Time since last request: 3817.967966 seconds.
  path: Assets/Prefabs/Point.prefab
  artifactKey: Guid(d0dc2ad68c3995d47b617183b91ff253) Importer(815301076,1909f56bfc062723c751e8b465ee728b)
Start importing Assets/Prefabs/Point.prefab using Guid(d0dc2ad68c3995d47b617183b91ff253) Importer(815301076,1909f56bfc062723c751e8b465ee728b)  -> (artifact id: '31d068a8356b9f95306c2c87ced47973') in 0.107078 seconds
  Import took 0.113449 seconds .

========================================================================
Received Prepare
Registering precompiled user dll's ...
Registered in 0.010174 seconds.
Begin MonoManager ReloadAssembly
Native extension for WindowsStandalone target not found
Refreshing native plugins compatible for Editor in 0.75 ms, found 3 plugins.
Preloading 0 native plugins for Editor in 0.00 ms.
Mono: successfully reloaded assembly
- Completed reload, in  1.297 seconds
Platform modules already initialized, skipping
Refreshing native plugins compatible for Editor in 0.72 ms, found 3 plugins.
Preloading 0 native plugins for Editor in 0.00 ms.
Unloading 2172 Unused Serialized files (Serialized files now loaded: 0)
System memory in use before: 98.7 MB.
System memory in use after: 98.9 MB.

Unloading 30 unused Assets to reduce memory usage. Loaded Objects now: 2836.
Total: 3.277200 ms (FindLiveObjects: 0.377300 ms CreateObjectMapping: 0.069900 ms MarkObjects: 2.784000 ms  DeleteObjects: 0.044200 ms)

========================================================================
Received Prepare
Registering precompiled user dll's ...
Registered in 0.005471 seconds.
Begin MonoManager ReloadAssembly
Native extension for WindowsStandalone target not found
Refreshing native plugins compatible for Editor in 0.75 ms, found 3 plugins.
Preloading 0 native plugins for Editor in 0.00 ms.
Mono: successfully reloaded assembly
- Completed reload, in  1.313 seconds
Platform modules already initialized, skipping
Refreshing native plugins compatible for Editor in 0.73 ms, found 3 plugins.
Preloading 0 native plugins for Editor in 0.00 ms.
Unloading 2172 Unused Serialized files (Serialized files now loaded: 0)
System memory in use before: 98.7 MB.
System memory in use after: 98.9 MB.

Unloading 29 unused Assets to reduce memory usage. Loaded Objects now: 2840.
Total: 3.687000 ms (FindLiveObjects: 0.331500 ms CreateObjectMapping: 0.082400 ms MarkObjects: 3.233300 ms  DeleteObjects: 0.037800 ms)

========================================================================
Received Prepare
Registering precompiled user dll's ...
Registered in 0.003848 seconds.
Begin MonoManager ReloadAssembly
Native extension for WindowsStandalone target not found
Refreshing native plugins compatible for Editor in 1.02 ms, found 3 plugins.
Preloading 0 native plugins for Editor in 0.00 ms.
Mono: successfully reloaded assembly
- Completed reload, in  1.390 seconds
Platform modules already initialized, skipping
Refreshing native plugins compatible for Editor in 0.73 ms, found 3 plugins.
Preloading 0 native plugins for Editor in 0.00 ms.
Unloading 2172 Unused Serialized files (Serialized files now loaded: 0)
System memory in use before: 98.7 MB.
System memory in use after: 98.9 MB.

Unloading 29 unused Assets to reduce memory usage. Loaded Objects now: 2844.
Total: 5.550900 ms (FindLiveObjects: 0.459600 ms CreateObjectMapping: 0.190700 ms MarkObjects: 4.847200 ms  DeleteObjects: 0.050600 ms)

========================================================================
Received Prepare
Registering precompiled user dll's ...
Registered in 0.004004 seconds.
Begin MonoManager ReloadAssembly
Native extension for WindowsStandalone target not found
Refreshing native plugins compatible for Editor in 0.73 ms, found 3 plugins.
Preloading 0 native plugins for Editor in 0.00 ms.
Mono: successfully reloaded assembly
- Completed reload, in  1.277 seconds
Platform modules already initialized, skipping
Refreshing native plugins compatible for Editor in 0.73 ms, found 3 plugins.
Preloading 0 native plugins for Editor in 0.00 ms.
Unloading 2172 Unused Serialized files (Serialized files now loaded: 0)
System memory in use before: 98.7 MB.
System memory in use after: 98.9 MB.

Unloading 29 unused Assets to reduce memory usage. Loaded Objects now: 2848.
Total: 3.660000 ms (FindLiveObjects: 0.333500 ms CreateObjectMapping: 0.085500 ms MarkObjects: 3.197500 ms  DeleteObjects: 0.041800 ms)

========================================================================
Received Prepare
Registering precompiled user dll's ...
Registered in 0.006729 seconds.
Begin MonoManager ReloadAssembly
Native extension for WindowsStandalone target not found
Refreshing native plugins compatible for Editor in 0.79 ms, found 3 plugins.
Preloading 0 native plugins for Editor in 0.00 ms.
Mono: successfully reloaded assembly
- Completed reload, in  1.391 seconds
Platform modules already initialized, skipping
Refreshing native plugins compatible for Editor in 0.75 ms, found 3 plugins.
Preloading 0 native plugins for Editor in 0.00 ms.
Unloading 2172 Unused Serialized files (Serialized files now loaded: 0)
System memory in use before: 98.7 MB.
System memory in use after: 98.9 MB.

Unloading 29 unused Assets to reduce memory usage. Loaded Objects now: 2852.
Total: 3.482800 ms (FindLiveObjects: 0.484400 ms CreateObjectMapping: 0.073400 ms MarkObjects: 2.880400 ms  DeleteObjects: 0.040400 ms)

AssetImportWorkerClient::OnTransportError - code=2 error=End of file
